<?xml version="1.0" encoding="UTF-8"?>
<!-- Generated by org.testng.reporters.JUnitReportReporter -->
<testsuite skipped="0" hostname="DESKTOP-5IAPKIA" name="com.training.sanity.tests.DeleteOrder" tests="1" failures="0" timestamp="21 Nov 2019 04:56:11 GMT" time="48.695" errors="0">
  <testcase name="deleteorderTest" time="48.695" classname="com.training.sanity.tests.DeleteOrder"/>
</testsuite> <!-- com.training.sanity.tests.DeleteOrder -->
