<?xml version="1.0" encoding="UTF-8"?>
<!-- Generated by org.testng.reporters.JUnitReportReporter -->
<testsuite skipped="0" hostname="DESKTOP-5IAPKIA" name="com.training.sanity.tests.ChangeOrder" tests="1" failures="0" timestamp="22 Nov 2019 14:02:03 GMT" time="45.517" errors="0">
  <testcase name="changeOrderTest" time="45.517" classname="com.training.sanity.tests.ChangeOrder"/>
</testsuite> <!-- com.training.sanity.tests.ChangeOrder -->
