<?xml version="1.0" encoding="UTF-8"?>
<!-- Generated by org.testng.reporters.JUnitReportReporter -->
<testsuite skipped="0" hostname="DESKTOP-5IAPKIA" name="simple.Tests" tests="1" failures="0" timestamp="18 Nov 2019 05:14:09 GMT" time="37.950" errors="0">
  <testcase name="magentoLogin" time="37.950" classname="simple.Tests"/>
</testsuite> <!-- simple.Tests -->
