<?xml version="1.0" encoding="UTF-8"?>
<!-- Generated by org.testng.reporters.JUnitReportReporter -->
<testsuite skipped="0" hostname="DESKTOP-5IAPKIA" name="com.training.sanity.tests.FilterOrdersList" tests="1" failures="0" timestamp="21 Nov 2019 03:57:54 GMT" time="19.432" errors="0">
  <testcase name="filterList" time="19.432" classname="com.training.sanity.tests.FilterOrdersList"/>
</testsuite> <!-- com.training.sanity.tests.FilterOrdersList -->
