<?xml version="1.0" encoding="UTF-8"?>
<!-- Generated by org.testng.reporters.JUnitReportReporter -->
<testsuite skipped="0" hostname="DESKTOP-5IAPKIA" name="com.training.sanity.tests.ModifyOrder" tests="1" failures="0" timestamp="29 Nov 2019 05:43:57 GMT" time="44.156" errors="0">
  <testcase name="changeOrderTest" time="44.156" classname="com.training.sanity.tests.ModifyOrder"/>
</testsuite> <!-- com.training.sanity.tests.ModifyOrder -->
