<?xml version="1.0" encoding="UTF-8"?>
<!-- Generated by org.testng.reporters.JUnitReportReporter -->
<testsuite skipped="0" hostname="DESKTOP-5IAPKIA" name="com.training.sanity.tests.FilterOrderDetails" tests="1" failures="0" timestamp="26 Nov 2019 06:21:22 GMT" time="34.529" errors="0">
  <testcase name="filerOrder" time="34.529" classname="com.training.sanity.tests.FilterOrderDetails"/>
</testsuite> <!-- com.training.sanity.tests.FilterOrderDetails -->
